<?xml version="1.0" encoding="UTF-8"?>
<testsuite xmlns:xsi="http://www.w3.org/2001/XMLSchema-instance" xsi:noNamespaceSchemaLocation="https://maven.apache.org/surefire/maven-surefire-plugin/xsd/surefire-test-report.xsd" name="org.example.ResourceTest" time="0.081" tests="1" errors="0" skipped="0" failures="0">
  <properties>
    <property name="gopherProxySet" value="false"/>
    <property name="awt.toolkit" value="sun.lwawt.macosx.LWCToolkit"/>
    <property name="file.encoding.pkg" value="sun.io"/>
    <property name="java.specification.version" value="1.8"/>
    <property name="sun.cpu.isalist" value=""/>
    <property name="sun.jnu.encoding" value="UTF-8"/>
    <property name="java.class.path" value="/Users/somasekhar.c/Documents/Avengers/MyFirstApi/target/test-classes:/Users/somasekhar.c/Documents/Avengers/MyFirstApi/target/classes:/Users/somasekhar.c/.m2/repository/junit/junit/4.11/junit-4.11.jar:/Users/somasekhar.c/.m2/repository/org/hamcrest/hamcrest-core/1.3/hamcrest-core-1.3.jar:/Users/somasekhar.c/.m2/repository/io/dropwizard/dropwizard-core/2.0.2/dropwizard-core-2.0.2.jar:/Users/somasekhar.c/.m2/repository/io/dropwizard/dropwizard-util/2.0.2/dropwizard-util-2.0.2.jar:/Users/somasekhar.c/.m2/repository/com/fasterxml/jackson/core/jackson-annotations/2.10.2/jackson-annotations-2.10.2.jar:/Users/somasekhar.c/.m2/repository/com/google/guava/guava/28.2-jre/guava-28.2-jre.jar:/Users/somasekhar.c/.m2/repository/com/google/guava/failureaccess/1.0.1/failureaccess-1.0.1.jar:/Users/somasekhar.c/.m2/repository/com/google/guava/listenablefuture/9999.0-empty-to-avoid-conflict-with-guava/listenablefuture-9999.0-empty-to-avoid-conflict-with-guava.jar:/Users/somasekhar.c/.m2/repository/org/checkerframework/checker-qual/2.10.0/checker-qual-2.10.0.jar:/Users/somasekhar.c/.m2/repository/com/google/errorprone/error_prone_annotations/2.3.4/error_prone_annotations-2.3.4.jar:/Users/somasekhar.c/.m2/repository/com/google/j2objc/j2objc-annotations/1.3/j2objc-annotations-1.3.jar:/Users/somasekhar.c/.m2/repository/com/google/code/findbugs/jsr305/3.0.2/jsr305-3.0.2.jar:/Users/somasekhar.c/.m2/repository/joda-time/joda-time/2.10.5/joda-time-2.10.5.jar:/Users/somasekhar.c/.m2/repository/io/dropwizard/dropwizard-jackson/2.0.2/dropwizard-jackson-2.0.2.jar:/Users/somasekhar.c/.m2/repository/com/github/ben-manes/caffeine/caffeine/2.8.1/caffeine-2.8.1.jar:/Users/somasekhar.c/.m2/repository/com/fasterxml/jackson/core/jackson-core/2.10.2/jackson-core-2.10.2.jar:/Users/somasekhar.c/.m2/repository/com/fasterxml/jackson/core/jackson-databind/2.10.2/jackson-databind-2.10.2.jar:/Users/somasekhar.c/.m2/repository/com/fasterxml/jackson/datatype/jackson-datatype-guava/2.10.2/jackson-datatype-guava-2.10.2.jar:/Users/somasekhar.c/.m2/repository/com/fasterxml/jackson/datatype/jackson-datatype-jsr310/2.10.2/jackson-datatype-jsr310-2.10.2.jar:/Users/somasekhar.c/.m2/repository/com/fasterxml/jackson/datatype/jackson-datatype-jdk8/2.10.2/jackson-datatype-jdk8-2.10.2.jar:/Users/somasekhar.c/.m2/repository/com/fasterxml/jackson/module/jackson-module-parameter-names/2.10.2/jackson-module-parameter-names-2.10.2.jar:/Users/somasekhar.c/.m2/repository/com/fasterxml/jackson/module/jackson-module-afterburner/2.10.2/jackson-module-afterburner-2.10.2.jar:/Users/somasekhar.c/.m2/repository/com/fasterxml/jackson/datatype/jackson-datatype-joda/2.10.2/jackson-datatype-joda-2.10.2.jar:/Users/somasekhar.c/.m2/repository/org/slf4j/slf4j-api/1.7.30/slf4j-api-1.7.30.jar:/Users/somasekhar.c/.m2/repository/io/dropwizard/dropwizard-validation/2.0.2/dropwizard-validation-2.0.2.jar:/Users/somasekhar.c/.m2/repository/org/hibernate/validator/hibernate-validator/6.1.2.Final/hibernate-validator-6.1.2.Final.jar:/Users/somasekhar.c/.m2/repository/jakarta/validation/jakarta.validation-api/2.0.2/jakarta.validation-api-2.0.2.jar:/Users/somasekhar.c/.m2/repository/org/jboss/logging/jboss-logging/3.3.2.Final/jboss-logging-3.3.2.Final.jar:/Users/somasekhar.c/.m2/repository/com/fasterxml/classmate/1.3.4/classmate-1.3.4.jar:/Users/somasekhar.c/.m2/repository/org/glassfish/jakarta.el/3.0.3/jakarta.el-3.0.3.jar:/Users/somasekhar.c/.m2/repository/org/javassist/javassist/3.26.0-GA/javassist-3.26.0-GA.jar:/Users/somasekhar.c/.m2/repository/io/dropwizard/dropwizard-configuration/2.0.2/dropwizard-configuration-2.0.2.jar:/Users/somasekhar.c/.m2/repository/com/fasterxml/jackson/dataformat/jackson-dataformat-yaml/2.10.2/jackson-dataformat-yaml-2.10.2.jar:/Users/somasekhar.c/.m2/repository/org/yaml/snakeyaml/1.24/snakeyaml-1.24.jar:/Users/somasekhar.c/.m2/repository/org/apache/commons/commons-lang3/3.9/commons-lang3-3.9.jar:/Users/somasekhar.c/.m2/repository/org/apache/commons/commons-text/1.8/commons-text-1.8.jar:/Users/somasekhar.c/.m2/repository/io/dropwizard/dropwizard-logging/2.0.2/dropwizard-logging-2.0.2.jar:/Users/somasekhar.c/.m2/repository/io/dropwizard/metrics/metrics-logback/4.1.2/metrics-logback-4.1.2.jar:/Users/somasekhar.c/.m2/repository/org/slf4j/jul-to-slf4j/1.7.30/jul-to-slf4j-1.7.30.jar:/Users/somasekhar.c/.m2/repository/ch/qos/logback/logback-core/1.2.3/logback-core-1.2.3.jar:/Users/somasekhar.c/.m2/repository/ch/qos/logback/logback-classic/1.2.3/logback-classic-1.2.3.jar:/Users/somasekhar.c/.m2/repository/io/dropwizard/logback/logback-throttling-appender/1.1.0/logback-throttling-appender-1.1.0.jar:/Users/somasekhar.c/.m2/repository/org/slf4j/log4j-over-slf4j/1.7.30/log4j-over-slf4j-1.7.30.jar:/Users/somasekhar.c/.m2/repository/org/slf4j/jcl-over-slf4j/1.7.30/jcl-over-slf4j-1.7.30.jar:/Users/somasekhar.c/.m2/repository/org/eclipse/jetty/jetty-util/9.4.26.v20200117/jetty-util-9.4.26.v20200117.jar:/Users/somasekhar.c/.m2/repository/io/dropwizard/dropwizard-metrics/2.0.2/dropwizard-metrics-2.0.2.jar:/Users/somasekhar.c/.m2/repository/io/dropwizard/dropwizard-jersey/2.0.2/dropwizard-jersey-2.0.2.jar:/Users/somasekhar.c/.m2/repository/org/glassfish/jersey/core/jersey-server/2.30/jersey-server-2.30.jar:/Users/somasekhar.c/.m2/repository/org/glassfish/jersey/core/jersey-common/2.30/jersey-common-2.30.jar:/Users/somasekhar.c/.m2/repository/org/glassfish/hk2/osgi-resource-locator/1.0.3/osgi-resource-locator-1.0.3.jar:/Users/somasekhar.c/.m2/repository/org/glassfish/jersey/core/jersey-client/2.30/jersey-client-2.30.jar:/Users/somasekhar.c/.m2/repository/jakarta/ws/rs/jakarta.ws.rs-api/2.1.6/jakarta.ws.rs-api-2.1.6.jar:/Users/somasekhar.c/.m2/repository/org/glassfish/jersey/media/jersey-media-jaxb/2.30/jersey-media-jaxb-2.30.jar:/Users/somasekhar.c/.m2/repository/jakarta/annotation/jakarta.annotation-api/1.3.5/jakarta.annotation-api-1.3.5.jar:/Users/somasekhar.c/.m2/repository/org/glassfish/hk2/external/jakarta.inject/2.6.1/jakarta.inject-2.6.1.jar:/Users/somasekhar.c/.m2/repository/org/glassfish/jersey/ext/jersey-metainf-services/2.30/jersey-metainf-services-2.30.jar:/Users/somasekhar.c/.m2/repository/org/glassfish/jersey/ext/jersey-bean-validation/2.30/jersey-bean-validation-2.30.jar:/Users/somasekhar.c/.m2/repository/org/glassfish/jersey/inject/jersey-hk2/2.30/jersey-hk2-2.30.jar:/Users/somasekhar.c/.m2/repository/org/glassfish/hk2/hk2-locator/2.6.1/hk2-locator-2.6.1.jar:/Users/somasekhar.c/.m2/repository/org/glassfish/hk2/external/aopalliance-repackaged/2.6.1/aopalliance-repackaged-2.6.1.jar:/Users/somasekhar.c/.m2/repository/org/glassfish/hk2/hk2-api/2.6.1/hk2-api-2.6.1.jar:/Users/somasekhar.c/.m2/repository/org/glassfish/hk2/hk2-utils/2.6.1/hk2-utils-2.6.1.jar:/Users/somasekhar.c/.m2/repository/io/dropwizard/metrics/metrics-jersey2/4.1.2/metrics-jersey2-4.1.2.jar:/Users/somasekhar.c/.m2/repository/com/fasterxml/jackson/jaxrs/jackson-jaxrs-json-provider/2.10.2.1/jackson-jaxrs-json-provider-2.10.2.1.jar:/Users/somasekhar.c/.m2/repository/com/fasterxml/jackson/jaxrs/jackson-jaxrs-base/2.10.2.1/jackson-jaxrs-base-2.10.2.1.jar:/Users/somasekhar.c/.m2/repository/com/fasterxml/jackson/module/jackson-module-jaxb-annotations/2.10.2/jackson-module-jaxb-annotations-2.10.2.jar:/Users/somasekhar.c/.m2/repository/org/glassfish/jersey/containers/jersey-container-servlet/2.30/jersey-container-servlet-2.30.jar:/Users/somasekhar.c/.m2/repository/org/glassfish/jersey/containers/jersey-container-servlet-core/2.30/jersey-container-servlet-core-2.30.jar:/Users/somasekhar.c/.m2/repository/org/eclipse/jetty/jetty-server/9.4.26.v20200117/jetty-server-9.4.26.v20200117.jar:/Users/somasekhar.c/.m2/repository/org/eclipse/jetty/jetty-io/9.4.26.v20200117/jetty-io-9.4.26.v20200117.jar:/Users/somasekhar.c/.m2/repository/jakarta/servlet/jakarta.servlet-api/4.0.3/jakarta.servlet-api-4.0.3.jar:/Users/somasekhar.c/.m2/repository/org/eclipse/jetty/jetty-webapp/9.4.26.v20200117/jetty-webapp-9.4.26.v20200117.jar:/Users/somasekhar.c/.m2/repository/org/eclipse/jetty/jetty-xml/9.4.26.v20200117/jetty-xml-9.4.26.v20200117.jar:/Users/somasekhar.c/.m2/repository/org/eclipse/jetty/jetty-continuation/9.4.26.v20200117/jetty-continuation-9.4.26.v20200117.jar:/Users/somasekhar.c/.m2/repository/jakarta/xml/bind/jakarta.xml.bind-api/2.3.2/jakarta.xml.bind-api-2.3.2.jar:/Users/somasekhar.c/.m2/repository/jakarta/activation/jakarta.activation-api/1.2.1/jakarta.activation-api-1.2.1.jar:/Users/somasekhar.c/.m2/repository/io/dropwizard/dropwizard-servlets/2.0.2/dropwizard-servlets-2.0.2.jar:/Users/somasekhar.c/.m2/repository/io/dropwizard/metrics/metrics-annotation/4.1.2/metrics-annotation-4.1.2.jar:/Users/somasekhar.c/.m2/repository/io/dropwizard/dropwizard-jetty/2.0.2/dropwizard-jetty-2.0.2.jar:/Users/somasekhar.c/.m2/repository/io/dropwizard/metrics/metrics-jetty9/4.1.2/metrics-jetty9-4.1.2.jar:/Users/somasekhar.c/.m2/repository/org/eclipse/jetty/jetty-servlet/9.4.26.v20200117/jetty-servlet-9.4.26.v20200117.jar:/Users/somasekhar.c/.m2/repository/org/eclipse/jetty/jetty-security/9.4.26.v20200117/jetty-security-9.4.26.v20200117.jar:/Users/somasekhar.c/.m2/repository/org/eclipse/jetty/jetty-servlets/9.4.26.v20200117/jetty-servlets-9.4.26.v20200117.jar:/Users/somasekhar.c/.m2/repository/org/eclipse/jetty/jetty-http/9.4.26.v20200117/jetty-http-9.4.26.v20200117.jar:/Users/somasekhar.c/.m2/repository/io/dropwizard/dropwizard-lifecycle/2.0.2/dropwizard-lifecycle-2.0.2.jar:/Users/somasekhar.c/.m2/repository/io/dropwizard/metrics/metrics-core/4.1.2/metrics-core-4.1.2.jar:/Users/somasekhar.c/.m2/repository/io/dropwizard/metrics/metrics-jvm/4.1.2/metrics-jvm-4.1.2.jar:/Users/somasekhar.c/.m2/repository/io/dropwizard/metrics/metrics-jmx/4.1.2/metrics-jmx-4.1.2.jar:/Users/somasekhar.c/.m2/repository/io/dropwizard/metrics/metrics-servlets/4.1.2/metrics-servlets-4.1.2.jar:/Users/somasekhar.c/.m2/repository/io/dropwizard/metrics/metrics-json/4.1.2/metrics-json-4.1.2.jar:/Users/somasekhar.c/.m2/repository/com/helger/profiler/1.1.1/profiler-1.1.1.jar:/Users/somasekhar.c/.m2/repository/io/dropwizard/metrics/metrics-healthchecks/4.1.2/metrics-healthchecks-4.1.2.jar:/Users/somasekhar.c/.m2/repository/io/dropwizard/dropwizard-request-logging/2.0.2/dropwizard-request-logging-2.0.2.jar:/Users/somasekhar.c/.m2/repository/ch/qos/logback/logback-access/1.2.3/logback-access-1.2.3.jar:/Users/somasekhar.c/.m2/repository/net/sourceforge/argparse4j/argparse4j/0.8.1/argparse4j-0.8.1.jar:/Users/somasekhar.c/.m2/repository/org/eclipse/jetty/toolchain/setuid/jetty-setuid-java/1.0.3/jetty-setuid-java-1.0.3.jar:"/>
    <property name="java.vm.vendor" value="Oracle Corporation"/>
    <property name="sun.arch.data.model" value="64"/>
    <property name="java.vendor.url" value="http://java.oracle.com/"/>
    <property name="user.timezone" value=""/>
    <property name="java.vm.specification.version" value="1.8"/>
    <property name="os.name" value="Mac OS X"/>
    <property name="user.country" value="IN"/>
    <property name="sun.java.launcher" value="SUN_STANDARD"/>
    <property name="sun.boot.library.path" value="/Library/Java/JavaVirtualMachines/jdk1.8.0_241.jdk/Contents/Home/jre/lib"/>
    <property name="sun.java.command" value="/Users/somasekhar.c/Documents/Avengers/MyFirstApi/target/surefire/surefirebooter60083524025175389.jar /Users/somasekhar.c/Documents/Avengers/MyFirstApi/target/surefire 2020-04-08T14-36-56_762-jvmRun1 surefire7648582354677850330tmp surefire_07453952354790570554tmp"/>
    <property name="surefire.test.class.path" value="/Users/somasekhar.c/Documents/Avengers/MyFirstApi/target/test-classes:/Users/somasekhar.c/Documents/Avengers/MyFirstApi/target/classes:/Users/somasekhar.c/.m2/repository/junit/junit/4.11/junit-4.11.jar:/Users/somasekhar.c/.m2/repository/org/hamcrest/hamcrest-core/1.3/hamcrest-core-1.3.jar:/Users/somasekhar.c/.m2/repository/io/dropwizard/dropwizard-core/2.0.2/dropwizard-core-2.0.2.jar:/Users/somasekhar.c/.m2/repository/io/dropwizard/dropwizard-util/2.0.2/dropwizard-util-2.0.2.jar:/Users/somasekhar.c/.m2/repository/com/fasterxml/jackson/core/jackson-annotations/2.10.2/jackson-annotations-2.10.2.jar:/Users/somasekhar.c/.m2/repository/com/google/guava/guava/28.2-jre/guava-28.2-jre.jar:/Users/somasekhar.c/.m2/repository/com/google/guava/failureaccess/1.0.1/failureaccess-1.0.1.jar:/Users/somasekhar.c/.m2/repository/com/google/guava/listenablefuture/9999.0-empty-to-avoid-conflict-with-guava/listenablefuture-9999.0-empty-to-avoid-conflict-with-guava.jar:/Users/somasekhar.c/.m2/repository/org/checkerframework/checker-qual/2.10.0/checker-qual-2.10.0.jar:/Users/somasekhar.c/.m2/repository/com/google/errorprone/error_prone_annotations/2.3.4/error_prone_annotations-2.3.4.jar:/Users/somasekhar.c/.m2/repository/com/google/j2objc/j2objc-annotations/1.3/j2objc-annotations-1.3.jar:/Users/somasekhar.c/.m2/repository/com/google/code/findbugs/jsr305/3.0.2/jsr305-3.0.2.jar:/Users/somasekhar.c/.m2/repository/joda-time/joda-time/2.10.5/joda-time-2.10.5.jar:/Users/somasekhar.c/.m2/repository/io/dropwizard/dropwizard-jackson/2.0.2/dropwizard-jackson-2.0.2.jar:/Users/somasekhar.c/.m2/repository/com/github/ben-manes/caffeine/caffeine/2.8.1/caffeine-2.8.1.jar:/Users/somasekhar.c/.m2/repository/com/fasterxml/jackson/core/jackson-core/2.10.2/jackson-core-2.10.2.jar:/Users/somasekhar.c/.m2/repository/com/fasterxml/jackson/core/jackson-databind/2.10.2/jackson-databind-2.10.2.jar:/Users/somasekhar.c/.m2/repository/com/fasterxml/jackson/datatype/jackson-datatype-guava/2.10.2/jackson-datatype-guava-2.10.2.jar:/Users/somasekhar.c/.m2/repository/com/fasterxml/jackson/datatype/jackson-datatype-jsr310/2.10.2/jackson-datatype-jsr310-2.10.2.jar:/Users/somasekhar.c/.m2/repository/com/fasterxml/jackson/datatype/jackson-datatype-jdk8/2.10.2/jackson-datatype-jdk8-2.10.2.jar:/Users/somasekhar.c/.m2/repository/com/fasterxml/jackson/module/jackson-module-parameter-names/2.10.2/jackson-module-parameter-names-2.10.2.jar:/Users/somasekhar.c/.m2/repository/com/fasterxml/jackson/module/jackson-module-afterburner/2.10.2/jackson-module-afterburner-2.10.2.jar:/Users/somasekhar.c/.m2/repository/com/fasterxml/jackson/datatype/jackson-datatype-joda/2.10.2/jackson-datatype-joda-2.10.2.jar:/Users/somasekhar.c/.m2/repository/org/slf4j/slf4j-api/1.7.30/slf4j-api-1.7.30.jar:/Users/somasekhar.c/.m2/repository/io/dropwizard/dropwizard-validation/2.0.2/dropwizard-validation-2.0.2.jar:/Users/somasekhar.c/.m2/repository/org/hibernate/validator/hibernate-validator/6.1.2.Final/hibernate-validator-6.1.2.Final.jar:/Users/somasekhar.c/.m2/repository/jakarta/validation/jakarta.validation-api/2.0.2/jakarta.validation-api-2.0.2.jar:/Users/somasekhar.c/.m2/repository/org/jboss/logging/jboss-logging/3.3.2.Final/jboss-logging-3.3.2.Final.jar:/Users/somasekhar.c/.m2/repository/com/fasterxml/classmate/1.3.4/classmate-1.3.4.jar:/Users/somasekhar.c/.m2/repository/org/glassfish/jakarta.el/3.0.3/jakarta.el-3.0.3.jar:/Users/somasekhar.c/.m2/repository/org/javassist/javassist/3.26.0-GA/javassist-3.26.0-GA.jar:/Users/somasekhar.c/.m2/repository/io/dropwizard/dropwizard-configuration/2.0.2/dropwizard-configuration-2.0.2.jar:/Users/somasekhar.c/.m2/repository/com/fasterxml/jackson/dataformat/jackson-dataformat-yaml/2.10.2/jackson-dataformat-yaml-2.10.2.jar:/Users/somasekhar.c/.m2/repository/org/yaml/snakeyaml/1.24/snakeyaml-1.24.jar:/Users/somasekhar.c/.m2/repository/org/apache/commons/commons-lang3/3.9/commons-lang3-3.9.jar:/Users/somasekhar.c/.m2/repository/org/apache/commons/commons-text/1.8/commons-text-1.8.jar:/Users/somasekhar.c/.m2/repository/io/dropwizard/dropwizard-logging/2.0.2/dropwizard-logging-2.0.2.jar:/Users/somasekhar.c/.m2/repository/io/dropwizard/metrics/metrics-logback/4.1.2/metrics-logback-4.1.2.jar:/Users/somasekhar.c/.m2/repository/org/slf4j/jul-to-slf4j/1.7.30/jul-to-slf4j-1.7.30.jar:/Users/somasekhar.c/.m2/repository/ch/qos/logback/logback-core/1.2.3/logback-core-1.2.3.jar:/Users/somasekhar.c/.m2/repository/ch/qos/logback/logback-classic/1.2.3/logback-classic-1.2.3.jar:/Users/somasekhar.c/.m2/repository/io/dropwizard/logback/logback-throttling-appender/1.1.0/logback-throttling-appender-1.1.0.jar:/Users/somasekhar.c/.m2/repository/org/slf4j/log4j-over-slf4j/1.7.30/log4j-over-slf4j-1.7.30.jar:/Users/somasekhar.c/.m2/repository/org/slf4j/jcl-over-slf4j/1.7.30/jcl-over-slf4j-1.7.30.jar:/Users/somasekhar.c/.m2/repository/org/eclipse/jetty/jetty-util/9.4.26.v20200117/jetty-util-9.4.26.v20200117.jar:/Users/somasekhar.c/.m2/repository/io/dropwizard/dropwizard-metrics/2.0.2/dropwizard-metrics-2.0.2.jar:/Users/somasekhar.c/.m2/repository/io/dropwizard/dropwizard-jersey/2.0.2/dropwizard-jersey-2.0.2.jar:/Users/somasekhar.c/.m2/repository/org/glassfish/jersey/core/jersey-server/2.30/jersey-server-2.30.jar:/Users/somasekhar.c/.m2/repository/org/glassfish/jersey/core/jersey-common/2.30/jersey-common-2.30.jar:/Users/somasekhar.c/.m2/repository/org/glassfish/hk2/osgi-resource-locator/1.0.3/osgi-resource-locator-1.0.3.jar:/Users/somasekhar.c/.m2/repository/org/glassfish/jersey/core/jersey-client/2.30/jersey-client-2.30.jar:/Users/somasekhar.c/.m2/repository/jakarta/ws/rs/jakarta.ws.rs-api/2.1.6/jakarta.ws.rs-api-2.1.6.jar:/Users/somasekhar.c/.m2/repository/org/glassfish/jersey/media/jersey-media-jaxb/2.30/jersey-media-jaxb-2.30.jar:/Users/somasekhar.c/.m2/repository/jakarta/annotation/jakarta.annotation-api/1.3.5/jakarta.annotation-api-1.3.5.jar:/Users/somasekhar.c/.m2/repository/org/glassfish/hk2/external/jakarta.inject/2.6.1/jakarta.inject-2.6.1.jar:/Users/somasekhar.c/.m2/repository/org/glassfish/jersey/ext/jersey-metainf-services/2.30/jersey-metainf-services-2.30.jar:/Users/somasekhar.c/.m2/repository/org/glassfish/jersey/ext/jersey-bean-validation/2.30/jersey-bean-validation-2.30.jar:/Users/somasekhar.c/.m2/repository/org/glassfish/jersey/inject/jersey-hk2/2.30/jersey-hk2-2.30.jar:/Users/somasekhar.c/.m2/repository/org/glassfish/hk2/hk2-locator/2.6.1/hk2-locator-2.6.1.jar:/Users/somasekhar.c/.m2/repository/org/glassfish/hk2/external/aopalliance-repackaged/2.6.1/aopalliance-repackaged-2.6.1.jar:/Users/somasekhar.c/.m2/repository/org/glassfish/hk2/hk2-api/2.6.1/hk2-api-2.6.1.jar:/Users/somasekhar.c/.m2/repository/org/glassfish/hk2/hk2-utils/2.6.1/hk2-utils-2.6.1.jar:/Users/somasekhar.c/.m2/repository/io/dropwizard/metrics/metrics-jersey2/4.1.2/metrics-jersey2-4.1.2.jar:/Users/somasekhar.c/.m2/repository/com/fasterxml/jackson/jaxrs/jackson-jaxrs-json-provider/2.10.2.1/jackson-jaxrs-json-provider-2.10.2.1.jar:/Users/somasekhar.c/.m2/repository/com/fasterxml/jackson/jaxrs/jackson-jaxrs-base/2.10.2.1/jackson-jaxrs-base-2.10.2.1.jar:/Users/somasekhar.c/.m2/repository/com/fasterxml/jackson/module/jackson-module-jaxb-annotations/2.10.2/jackson-module-jaxb-annotations-2.10.2.jar:/Users/somasekhar.c/.m2/repository/org/glassfish/jersey/containers/jersey-container-servlet/2.30/jersey-container-servlet-2.30.jar:/Users/somasekhar.c/.m2/repository/org/glassfish/jersey/containers/jersey-container-servlet-core/2.30/jersey-container-servlet-core-2.30.jar:/Users/somasekhar.c/.m2/repository/org/eclipse/jetty/jetty-server/9.4.26.v20200117/jetty-server-9.4.26.v20200117.jar:/Users/somasekhar.c/.m2/repository/org/eclipse/jetty/jetty-io/9.4.26.v20200117/jetty-io-9.4.26.v20200117.jar:/Users/somasekhar.c/.m2/repository/jakarta/servlet/jakarta.servlet-api/4.0.3/jakarta.servlet-api-4.0.3.jar:/Users/somasekhar.c/.m2/repository/org/eclipse/jetty/jetty-webapp/9.4.26.v20200117/jetty-webapp-9.4.26.v20200117.jar:/Users/somasekhar.c/.m2/repository/org/eclipse/jetty/jetty-xml/9.4.26.v20200117/jetty-xml-9.4.26.v20200117.jar:/Users/somasekhar.c/.m2/repository/org/eclipse/jetty/jetty-continuation/9.4.26.v20200117/jetty-continuation-9.4.26.v20200117.jar:/Users/somasekhar.c/.m2/repository/jakarta/xml/bind/jakarta.xml.bind-api/2.3.2/jakarta.xml.bind-api-2.3.2.jar:/Users/somasekhar.c/.m2/repository/jakarta/activation/jakarta.activation-api/1.2.1/jakarta.activation-api-1.2.1.jar:/Users/somasekhar.c/.m2/repository/io/dropwizard/dropwizard-servlets/2.0.2/dropwizard-servlets-2.0.2.jar:/Users/somasekhar.c/.m2/repository/io/dropwizard/metrics/metrics-annotation/4.1.2/metrics-annotation-4.1.2.jar:/Users/somasekhar.c/.m2/repository/io/dropwizard/dropwizard-jetty/2.0.2/dropwizard-jetty-2.0.2.jar:/Users/somasekhar.c/.m2/repository/io/dropwizard/metrics/metrics-jetty9/4.1.2/metrics-jetty9-4.1.2.jar:/Users/somasekhar.c/.m2/repository/org/eclipse/jetty/jetty-servlet/9.4.26.v20200117/jetty-servlet-9.4.26.v20200117.jar:/Users/somasekhar.c/.m2/repository/org/eclipse/jetty/jetty-security/9.4.26.v20200117/jetty-security-9.4.26.v20200117.jar:/Users/somasekhar.c/.m2/repository/org/eclipse/jetty/jetty-servlets/9.4.26.v20200117/jetty-servlets-9.4.26.v20200117.jar:/Users/somasekhar.c/.m2/repository/org/eclipse/jetty/jetty-http/9.4.26.v20200117/jetty-http-9.4.26.v20200117.jar:/Users/somasekhar.c/.m2/repository/io/dropwizard/dropwizard-lifecycle/2.0.2/dropwizard-lifecycle-2.0.2.jar:/Users/somasekhar.c/.m2/repository/io/dropwizard/metrics/metrics-core/4.1.2/metrics-core-4.1.2.jar:/Users/somasekhar.c/.m2/repository/io/dropwizard/metrics/metrics-jvm/4.1.2/metrics-jvm-4.1.2.jar:/Users/somasekhar.c/.m2/repository/io/dropwizard/metrics/metrics-jmx/4.1.2/metrics-jmx-4.1.2.jar:/Users/somasekhar.c/.m2/repository/io/dropwizard/metrics/metrics-servlets/4.1.2/metrics-servlets-4.1.2.jar:/Users/somasekhar.c/.m2/repository/io/dropwizard/metrics/metrics-json/4.1.2/metrics-json-4.1.2.jar:/Users/somasekhar.c/.m2/repository/com/helger/profiler/1.1.1/profiler-1.1.1.jar:/Users/somasekhar.c/.m2/repository/io/dropwizard/metrics/metrics-healthchecks/4.1.2/metrics-healthchecks-4.1.2.jar:/Users/somasekhar.c/.m2/repository/io/dropwizard/dropwizard-request-logging/2.0.2/dropwizard-request-logging-2.0.2.jar:/Users/somasekhar.c/.m2/repository/ch/qos/logback/logback-access/1.2.3/logback-access-1.2.3.jar:/Users/somasekhar.c/.m2/repository/net/sourceforge/argparse4j/argparse4j/0.8.1/argparse4j-0.8.1.jar:/Users/somasekhar.c/.m2/repository/org/eclipse/jetty/toolchain/setuid/jetty-setuid-java/1.0.3/jetty-setuid-java-1.0.3.jar:"/>
    <property name="sun.cpu.endian" value="little"/>
    <property name="user.home" value="/Users/somasekhar.c"/>
    <property name="user.language" value="en"/>
    <property name="java.specification.vendor" value="Oracle Corporation"/>
    <property name="java.home" value="/Library/Java/JavaVirtualMachines/jdk1.8.0_241.jdk/Contents/Home/jre"/>
    <property name="basedir" value="/Users/somasekhar.c/Documents/Avengers/MyFirstApi"/>
    <property name="file.separator" value="/"/>
    <property name="line.separator" value="&#10;"/>
    <property name="java.vm.specification.vendor" value="Oracle Corporation"/>
    <property name="java.specification.name" value="Java Platform API Specification"/>
    <property name="java.awt.graphicsenv" value="sun.awt.CGraphicsEnvironment"/>
    <property name="surefire.real.class.path" value="/Users/somasekhar.c/Documents/Avengers/MyFirstApi/target/surefire/surefirebooter60083524025175389.jar"/>
    <property name="sun.boot.class.path" value="/Library/Java/JavaVirtualMachines/jdk1.8.0_241.jdk/Contents/Home/jre/lib/resources.jar:/Library/Java/JavaVirtualMachines/jdk1.8.0_241.jdk/Contents/Home/jre/lib/rt.jar:/Library/Java/JavaVirtualMachines/jdk1.8.0_241.jdk/Contents/Home/jre/lib/sunrsasign.jar:/Library/Java/JavaVirtualMachines/jdk1.8.0_241.jdk/Contents/Home/jre/lib/jsse.jar:/Library/Java/JavaVirtualMachines/jdk1.8.0_241.jdk/Contents/Home/jre/lib/jce.jar:/Library/Java/JavaVirtualMachines/jdk1.8.0_241.jdk/Contents/Home/jre/lib/charsets.jar:/Library/Java/JavaVirtualMachines/jdk1.8.0_241.jdk/Contents/Home/jre/lib/jfr.jar:/Library/Java/JavaVirtualMachines/jdk1.8.0_241.jdk/Contents/Home/jre/classes"/>
    <property name="sun.management.compiler" value="HotSpot 64-Bit Tiered Compilers"/>
    <property name="java.runtime.version" value="1.8.0_241-b07"/>
    <property name="user.name" value="somasekhar.c"/>
    <property name="path.separator" value=":"/>
    <property name="os.version" value="10.14.6"/>
    <property name="java.endorsed.dirs" value="/Library/Java/JavaVirtualMachines/jdk1.8.0_241.jdk/Contents/Home/jre/lib/endorsed"/>
    <property name="java.runtime.name" value="Java(TM) SE Runtime Environment"/>
    <property name="file.encoding" value="US-ASCII"/>
    <property name="java.vm.name" value="Java HotSpot(TM) 64-Bit Server VM"/>
    <property name="localRepository" value="/Users/somasekhar.c/.m2/repository"/>
    <property name="java.vendor.url.bug" value="http://bugreport.sun.com/bugreport/"/>
    <property name="java.io.tmpdir" value="/var/folders/rf/zth7q_zd6yq36ymp8l03qbvj1vz_0y/T/"/>
    <property name="java.version" value="1.8.0_241"/>
    <property name="user.dir" value="/Users/somasekhar.c/Documents/Avengers/MyFirstApi"/>
    <property name="os.arch" value="x86_64"/>
    <property name="java.vm.specification.name" value="Java Virtual Machine Specification"/>
    <property name="java.awt.printerjob" value="sun.lwawt.macosx.CPrinterJob"/>
    <property name="idea.version2019.3.1" value="true"/>
    <property name="sun.os.patch.level" value="unknown"/>
    <property name="java.library.path" value="/Users/somasekhar.c/Library/Java/Extensions:/Library/Java/Extensions:/Network/Library/Java/Extensions:/System/Library/Java/Extensions:/usr/lib/java:."/>
    <property name="java.vm.info" value="mixed mode"/>
    <property name="java.vendor" value="Oracle Corporation"/>
    <property name="java.vm.version" value="25.241-b07"/>
    <property name="java.ext.dirs" value="/Users/somasekhar.c/Library/Java/Extensions:/Library/Java/JavaVirtualMachines/jdk1.8.0_241.jdk/Contents/Home/jre/lib/ext:/Library/Java/Extensions:/Network/Library/Java/Extensions:/System/Library/Java/Extensions:/usr/lib/java"/>
    <property name="sun.io.unicode.encoding" value="UnicodeBig"/>
    <property name="java.class.version" value="52.0"/>
  </properties>
  <testcase name="testMethod" classname="org.example.ResourceTest" time="0.056"/>
</testsuite>